Determining if the pthread_create exist failed with the following output:
Change Dir: /home/ssafy/mobility-autodriving-skeleton/ssafy_ad/build/CMakeFiles/CMakeTmp

Run Build Command:"/usr/bin/make" "cmTC_e779a/fast"
/usr/bin/make -f CMakeFiles/cmTC_e779a.dir/build.make CMakeFiles/cmTC_e779a.dir/build
make[1]: Entering directory '/home/ssafy/mobility-autodriving-skeleton/ssafy_ad/build/CMakeFiles/CMakeTmp'
Building C object CMakeFiles/cmTC_e779a.dir/CheckSymbolExists.c.o
/usr/bin/cc    -o CMakeFiles/cmTC_e779a.dir/CheckSymbolExists.c.o   -c /home/ssafy/mobility-autodriving-skeleton/ssafy_ad/build/CMakeFiles/CMakeTmp/CheckSymbolExists.c
Linking C executable cmTC_e779a
/usr/bin/cmake -E cmake_link_script CMakeFiles/cmTC_e779a.dir/link.txt --verbose=1
/usr/bin/cc      -rdynamic CMakeFiles/cmTC_e779a.dir/CheckSymbolExists.c.o  -o cmTC_e779a 
CMakeFiles/cmTC_e779a.dir/CheckSymbolExists.c.o: In function `main':
CheckSymbolExists.c:(.text+0x1b): undefined reference to `pthread_create'
collect2: error: ld returned 1 exit status
CMakeFiles/cmTC_e779a.dir/build.make:97: recipe for target 'cmTC_e779a' failed
make[1]: *** [cmTC_e779a] Error 1
make[1]: Leaving directory '/home/ssafy/mobility-autodriving-skeleton/ssafy_ad/build/CMakeFiles/CMakeTmp'
Makefile:126: recipe for target 'cmTC_e779a/fast' failed
make: *** [cmTC_e779a/fast] Error 2

File /home/ssafy/mobility-autodriving-skeleton/ssafy_ad/build/CMakeFiles/CMakeTmp/CheckSymbolExists.c:
/* */
#include <pthread.h>

int main(int argc, char** argv)
{
  (void)argv;
#ifndef pthread_create
  return ((int*)(&pthread_create))[argc];
#else
  (void)argc;
  return 0;
#endif
}

Determining if the function pthread_create exists in the pthreads failed with the following output:
Change Dir: /home/ssafy/mobility-autodriving-skeleton/ssafy_ad/build/CMakeFiles/CMakeTmp

Run Build Command:"/usr/bin/make" "cmTC_cf85b/fast"
/usr/bin/make -f CMakeFiles/cmTC_cf85b.dir/build.make CMakeFiles/cmTC_cf85b.dir/build
make[1]: Entering directory '/home/ssafy/mobility-autodriving-skeleton/ssafy_ad/build/CMakeFiles/CMakeTmp'
Building C object CMakeFiles/cmTC_cf85b.dir/CheckFunctionExists.c.o
/usr/bin/cc   -DCHECK_FUNCTION_EXISTS=pthread_create   -o CMakeFiles/cmTC_cf85b.dir/CheckFunctionExists.c.o   -c /usr/share/cmake-3.10/Modules/CheckFunctionExists.c
Linking C executable cmTC_cf85b
/usr/bin/cmake -E cmake_link_script CMakeFiles/cmTC_cf85b.dir/link.txt --verbose=1
/usr/bin/cc  -DCHECK_FUNCTION_EXISTS=pthread_create    -rdynamic CMakeFiles/cmTC_cf85b.dir/CheckFunctionExists.c.o  -o cmTC_cf85b -lpthreads 
/usr/bin/ld: cannot find -lpthreads
collect2: error: ld returned 1 exit status
CMakeFiles/cmTC_cf85b.dir/build.make:97: recipe for target 'cmTC_cf85b' failed
make[1]: *** [cmTC_cf85b] Error 1
make[1]: Leaving directory '/home/ssafy/mobility-autodriving-skeleton/ssafy_ad/build/CMakeFiles/CMakeTmp'
Makefile:126: recipe for target 'cmTC_cf85b/fast' failed
make: *** [cmTC_cf85b/fast] Error 2


